
############################ carina - 07/10/23 21:32:38 EST -0500 ############################

Data:

On branch datalogger-mock-data
Your branch is up to date with 'origin/datalogger-mock-data'.

nothing to commit, working tree clean
Everything up-to-date

Logs:

[carina-logs 1e18cb0] 07/10/23 21:32:38 EST -0500: Logs
 4 files changed, 95 insertions(+)
 create mode 100644 git-push.log
 create mode 100644 reverse-ssh.log
 create mode 100644 startup-notifier.log
 create mode 100644 status-monitor.log
To github.com:FLARE-forecast/miscellaneous.git
   52ad97d..1e18cb0  carina-logs -> carina-logs

Completed at 07/10/23 21:32:40 EST


############################ carina - 07/10/23 21:32:40 EST -0500 ############################

Data:

On branch datalogger-mock-data
Your branch is up to date with 'origin/datalogger-mock-data'.

nothing to commit, working tree clean
Everything up-to-date

Logs:

