
############################ carina - 07/10/23 21:32:40 EST -0500 ############################

Disk Usage Before Git Garbage Collector:
/dev/sda1                           29G  476K   28G   1% /data
Working on: /data/datalogger-mock-data
Working on: /data/carina-logs
Disk Usage After Git Garbage Collector:
/dev/sda1                           29G  432K   28G   1% /data

############################ carina - 07/10/23 22:05:02 EST -0500 ############################

Disk Usage Before Git Garbage Collector:
/dev/sda1                           29G  596K   28G   1% /data
Working on: /data/datalogger-mock-data
Working on: /data/carina-logs
Disk Usage After Git Garbage Collector:
/dev/sda1                           29G  472K   28G   1% /data

############################ carina - 07/11/23 00:20:03 EST -0500 ############################

Disk Usage Before Git Garbage Collector:
/dev/sda1                           29G  572K   28G   1% /data
Working on: /data/datalogger-mock-data
Working on: /data/carina-logs
Disk Usage After Git Garbage Collector:
/dev/sda1                           29G  484K   28G   1% /data

############################ carina - 07/11/23 06:20:03 EST -0500 ############################

Disk Usage Before Git Garbage Collector:
/dev/sda1                           29G  604K   28G   1% /data
Working on: /data/datalogger-mock-data
Working on: /data/carina-logs
Disk Usage After Git Garbage Collector:
/dev/sda1                           29G  520K   28G   1% /data

############################ carina - 07/11/23 12:20:03 EST -0500 ############################

Disk Usage Before Git Garbage Collector:
/dev/sda1                           29G  744K   28G   1% /data
Working on: /data/datalogger-mock-data
Working on: /data/carina-logs
Disk Usage After Git Garbage Collector:
/dev/sda1                           29G  568K   28G   1% /data

############################ carina - 07/11/23 18:20:03 EST -0500 ############################

Disk Usage Before Git Garbage Collector:
/dev/sda1                           29G  824K   28G   1% /data
Working on: /data/datalogger-mock-data
Working on: /data/carina-logs
Disk Usage After Git Garbage Collector:
/dev/sda1                           29G  616K   28G   1% /data

############################ carina - 07/12/23 00:20:02 EST -0500 ############################

Disk Usage Before Git Garbage Collector:
/dev/sda1                           29G  832K   28G   1% /data
Working on: /data/datalogger-mock-data
Working on: /data/carina-logs
Disk Usage After Git Garbage Collector:
/dev/sda1                           29G  676K   28G   1% /data

############################ carina - 07/12/23 06:20:03 EST -0500 ############################

Disk Usage Before Git Garbage Collector:
/dev/sda1                           29G  892K   28G   1% /data
Working on: /data/datalogger-mock-data
Working on: /data/carina-logs
Disk Usage After Git Garbage Collector:
/dev/sda1                           29G  724K   28G   1% /data

############################ carina - 07/12/23 12:20:03 EST -0500 ############################

Disk Usage Before Git Garbage Collector:
/dev/sda1                           29G  936K   28G   1% /data
Working on: /data/datalogger-mock-data
Working on: /data/carina-logs
Disk Usage After Git Garbage Collector:
/dev/sda1                           29G  764K   28G   1% /data

############################ carina - 07/12/23 13:11:16 EST -0500 ############################

Disk Usage Before Git Garbage Collector:
/dev/sda1                           29G  968K   28G   1% /data
Working on: /data/datalogger-mock-data
Working on: /data/carina-logs
Disk Usage After Git Garbage Collector:
/dev/sda1                           29G  784K   28G   1% /data

############################ carina - 07/12/23 18:20:03 EST -0500 ############################

Disk Usage Before Git Garbage Collector:
/dev/sda1                           29G  972K   28G   1% /data
Working on: /data/datalogger-mock-data
Working on: /data/carina-logs
Disk Usage After Git Garbage Collector:
/dev/sda1                           29G  828K   28G   1% /data
