
############################ carina - 07/10/23 21:31:38 EST -0500 ############################

 21:31:38 up 1 min,  0 users,  load average: 0.29, 0.12, 0.04


reboot   system boot  5.15.0-76-generi Mon Jul 10 21:30   still running
reboot   system boot  5.15.0-76-generi Mon Jul 10 21:17 - 21:29  (00:11)
reboot   system boot  5.15.0-76-generi Mon Jul 10 16:36 - 20:46  (04:09)
reboot   system boot  5.15.0-76-generi Thu Jun 29 11:10 - 21:55  (10:45)
reboot   system boot  5.15.0-76-generi Wed Jun 28 20:33 - 23:43  (03:10)








[    9.682645] audit: type=1400 audit(1689042635.739:11): apparmor="STATUS" operation="profile_load" profile="unconfined" name="/usr/lib/snapd/snap-confine//mount-namespace-capture-helper" pid=592 comm="apparmor_parser"
[   13.182030] loop0: detected capacity change from 0 to 8
[   13.447010] igb 0000:02:00.0 enp2s0: igb: enp2s0 NIC Link is Up 1000 Mbps Full Duplex, Flow Control: RX
[   13.554685] IPv6: ADDRCONF(NETDEV_CHANGE): enp2s0: link becomes ready
[   14.955010] igb 0000:03:00.0 eno1: igb: eno1 NIC Link is Up 1000 Mbps Full Duplex, Flow Control: RX/TX
[   14.997747] audit: type=1400 audit(1689042641.051:12): apparmor="STATUS" operation="profile_load" profile="unconfined" name="docker-default" pid=795 comm="apparmor_parser"
[   15.062568] IPv6: ADDRCONF(NETDEV_CHANGE): eno1: link becomes ready
[   16.016640] bridge: filtering via arp/ip/ip6tables is no longer available by default. Update your scripts to load br_netfilter if you need this.
[   16.022148] Bridge firewalling registered
[   16.238020] Initializing XFRM netlink socket


Filesystem                         Size  Used Avail Use% Mounted on
/dev/mmcblk0p2                     2.0G  131M  1.7G   8% /boot
/dev/mmcblk0p1                     1.1G  6.1M  1.1G   1% /boot/efi
/dev/sda1                           29G  376K   28G   1% /data


tail: cannot open '/var/log/vsftpd.log' for reading: No such file or directory






enp2s0:
192.168.1.171/24


PING github.com (140.82.112.3) 56(84) bytes of data.
64 bytes from lb-140-82-112-3-iad.github.com (140.82.112.3): icmp_seq=1 ttl=53 time=10.1 ms
64 bytes from lb-140-82-112-3-iad.github.com (140.82.112.3): icmp_seq=2 ttl=53 time=9.38 ms
64 bytes from lb-140-82-112-3-iad.github.com (140.82.112.3): icmp_seq=3 ttl=53 time=8.67 ms

--- github.com ping statistics ---
3 packets transmitted, 3 received, 0% packet loss, time 2003ms
rtt min/avg/max/mdev = 8.667/9.387/10.112/0.589 ms


PING 8.8.8.8 (8.8.8.8) 56(84) bytes of data.
64 bytes from 8.8.8.8: icmp_seq=1 ttl=116 time=5.34 ms
64 bytes from 8.8.8.8: icmp_seq=2 ttl=116 time=5.45 ms
64 bytes from 8.8.8.8: icmp_seq=3 ttl=116 time=6.75 ms

--- 8.8.8.8 ping statistics ---
3 packets transmitted, 3 received, 0% packet loss, time 2003ms
rtt min/avg/max/mdev = 5.343/5.847/6.754/0.642 ms
